

Started GET "/login" for ::1 at 2016-08-05 21:02:39 +0900

ActionController::RoutingError (No route matches [GET] "/login"):
  config/initializers/quiet_assets.rb:7:in `call_with_quiet_assets'




Started GET "/" for ::1 at 2016-08-05 21:03:00 +0900
Processing by Rails::WelcomeController#index as HTML
Completed 200 OK in 5ms (Views: 4.7ms | ActiveRecord: 0.0ms)


Started GET "/" for ::1 at 2016-08-05 23:46:05 +0900
Processing by Rails::WelcomeController#index as HTML
Completed 200 OK in 9ms (Views: 9.3ms | ActiveRecord: 0.0ms)


Started GET "/" for ::1 at 2016-08-14 12:12:48 +0900
Processing by Rails::WelcomeController#index as HTML
Completed 200 OK in 9ms (Views: 8.8ms | ActiveRecord: 0.0ms)


Started GET "/admin/index" for ::1 at 2016-08-14 12:13:14 +0900
Processing by AdminController#index as HTML
  [1m[36mCompany Load (38.8ms)[0m  [1mSELECT `company`.* FROM `company`[0m
  [1m[35mPost Load (45.8ms)[0m  SELECT `posts`.* FROM `posts` WHERE `posts`.`company_id` = 1 AND `posts`.`delete_flag` = 0  ORDER BY update_time desc
  [1m[36mUser Load (41.0ms)[0m  [1mSELECT  `users`.* FROM `users` WHERE `users`.`id` = 1 LIMIT 1[0m
  [1m[35mUser Load (31.9ms)[0m  SELECT  `users`.* FROM `users` WHERE `users`.`id` = 2 LIMIT 1
  [1m[36mCACHE (0.0ms)[0m  [1mSELECT  `users`.* FROM `users` WHERE `users`.`id` = 1 LIMIT 1[0m  [["id", 1]]
  [1m[35mCACHE (0.0ms)[0m  SELECT  `users`.* FROM `users` WHERE `users`.`id` = 2 LIMIT 1  [["id", 2]]
  [1m[36mPost Load (37.9ms)[0m  [1mSELECT `posts`.* FROM `posts` WHERE `posts`.`company_id` = 2 AND `posts`.`delete_flag` = 0  ORDER BY update_time desc[0m
  [1m[35mPost Load (44.4ms)[0m  SELECT `posts`.* FROM `posts` WHERE `posts`.`company_id` = 3 AND `posts`.`delete_flag` = 0  ORDER BY update_time desc
  [1m[36mUser Load (40.1ms)[0m  [1mSELECT  `users`.* FROM `users` WHERE `users`.`id` = 3 LIMIT 1[0m
  [1m[35mUser Load (41.9ms)[0m  SELECT  `users`.* FROM `users` WHERE `users`.`id` = 4 LIMIT 1
  [1m[36mCACHE (0.0ms)[0m  [1mSELECT  `users`.* FROM `users` WHERE `users`.`id` = 3 LIMIT 1[0m  [["id", 3]]
  [1m[35mCACHE (0.0ms)[0m  SELECT  `users`.* FROM `users` WHERE `users`.`id` = 4 LIMIT 1  [["id", 4]]
  [1m[36mCACHE (0.0ms)[0m  [1mSELECT  `users`.* FROM `users` WHERE `users`.`id` = 3 LIMIT 1[0m  [["id", 3]]
  [1m[35mCACHE (0.0ms)[0m  SELECT  `users`.* FROM `users` WHERE `users`.`id` = 4 LIMIT 1  [["id", 4]]
  [1m[36mCACHE (0.0ms)[0m  [1mSELECT  `users`.* FROM `users` WHERE `users`.`id` = 3 LIMIT 1[0m  [["id", 3]]
  [1m[35mCACHE (0.0ms)[0m  SELECT  `users`.* FROM `users` WHERE `users`.`id` = 4 LIMIT 1  [["id", 4]]
  [1m[36mPost Load (51.4ms)[0m  [1mSELECT `posts`.* FROM `posts` WHERE `posts`.`company_id` = 4 AND `posts`.`delete_flag` = 0  ORDER BY update_time desc[0m
  [1m[35m (50.0ms)[0m  SELECT COUNT(*) FROM `kudos` WHERE `kudos`.`post_id` = 4 AND `kudos`.`delete_flag` = 0
  [1m[36mKudos Load (41.6ms)[0m  [1mSELECT `kudos`.* FROM `kudos` WHERE `kudos`.`post_id` = 4 AND `kudos`.`delete_flag` = 0[0m
  [1m[35mComment Load (35.2ms)[0m  SELECT `comments`.* FROM `comments` WHERE `comments`.`post_id` = 4 AND `comments`.`delete_flag` = 0
  [1m[36mCACHE (0.0ms)[0m  [1mSELECT  `users`.* FROM `users` WHERE `users`.`id` = 1 LIMIT 1[0m  [["id", 1]]
  [1m[35mCACHE (0.0ms)[0m  SELECT  `users`.* FROM `users` WHERE `users`.`id` = 1 LIMIT 1  [["id", 1]]
  [1m[36mCACHE (0.0ms)[0m  [1mSELECT  `users`.* FROM `users` WHERE `users`.`id` = 1 LIMIT 1[0m  [["id", 1]]
  [1m[35m (42.2ms)[0m  SELECT COUNT(*) FROM `kudos` WHERE `kudos`.`post_id` = 3 AND `kudos`.`delete_flag` = 0
  [1m[36mKudos Load (46.4ms)[0m  [1mSELECT `kudos`.* FROM `kudos` WHERE `kudos`.`post_id` = 3 AND `kudos`.`delete_flag` = 0[0m
  [1m[35mComment Load (41.8ms)[0m  SELECT `comments`.* FROM `comments` WHERE `comments`.`post_id` = 3 AND `comments`.`delete_flag` = 0
  [1m[36mCACHE (0.1ms)[0m  [1mSELECT  `users`.* FROM `users` WHERE `users`.`id` = 1 LIMIT 1[0m  [["id", 1]]
  [1m[35m (42.2ms)[0m  SELECT COUNT(*) FROM `kudos` WHERE `kudos`.`post_id` = 6 AND `kudos`.`delete_flag` = 0
  [1m[36mKudos Load (44.3ms)[0m  [1mSELECT `kudos`.* FROM `kudos` WHERE `kudos`.`post_id` = 6 AND `kudos`.`delete_flag` = 0[0m
  [1m[35mComment Load (49.5ms)[0m  SELECT `comments`.* FROM `comments` WHERE `comments`.`post_id` = 6 AND `comments`.`delete_flag` = 0
  [1m[36m (49.9ms)[0m  [1mSELECT COUNT(*) FROM `kudos` WHERE `kudos`.`post_id` = 5 AND `kudos`.`delete_flag` = 0[0m
  [1m[35mKudos Load (51.8ms)[0m  SELECT `kudos`.* FROM `kudos` WHERE `kudos`.`post_id` = 5 AND `kudos`.`delete_flag` = 0
  [1m[36mCACHE (0.0ms)[0m  [1mSELECT  `users`.* FROM `users` WHERE `users`.`id` = 3 LIMIT 1[0m  [["id", 3]]
  [1m[35mCACHE (0.0ms)[0m  SELECT COUNT(*) FROM `kudos` WHERE `kudos`.`post_id` = 5 AND `kudos`.`delete_flag` = 0  [["post_id", 5], ["delete_flag", 0]]
  [1m[36mComment Load (34.0ms)[0m  [1mSELECT `comments`.* FROM `comments` WHERE `comments`.`post_id` = 5 AND `comments`.`delete_flag` = 0[0m
  [1m[35mCACHE (0.0ms)[0m  SELECT  `users`.* FROM `users` WHERE `users`.`id` = 3 LIMIT 1  [["id", 3]]
  [1m[36m (35.5ms)[0m  [1mSELECT COUNT(*) FROM `kudos` WHERE `kudos`.`post_id` = 2 AND `kudos`.`delete_flag` = 0[0m
  [1m[35mKudos Load (31.6ms)[0m  SELECT `kudos`.* FROM `kudos` WHERE `kudos`.`post_id` = 2 AND `kudos`.`delete_flag` = 0
  [1m[36mCACHE (0.0ms)[0m  [1mSELECT  `users`.* FROM `users` WHERE `users`.`id` = 3 LIMIT 1[0m  [["id", 3]]
  [1m[35mCACHE (0.0ms)[0m  SELECT COUNT(*) FROM `kudos` WHERE `kudos`.`post_id` = 2 AND `kudos`.`delete_flag` = 0  [["post_id", 2], ["delete_flag", 0]]
  [1m[36mComment Load (29.8ms)[0m  [1mSELECT `comments`.* FROM `comments` WHERE `comments`.`post_id` = 2 AND `comments`.`delete_flag` = 0[0m
  [1m[35mCACHE (0.0ms)[0m  SELECT  `users`.* FROM `users` WHERE `users`.`id` = 3 LIMIT 1  [["id", 3]]
  [1m[36m (29.2ms)[0m  [1mSELECT COUNT(*) FROM `kudos` WHERE `kudos`.`post_id` = 1 AND `kudos`.`delete_flag` = 0[0m
  [1m[35mKudos Load (34.5ms)[0m  SELECT `kudos`.* FROM `kudos` WHERE `kudos`.`post_id` = 1 AND `kudos`.`delete_flag` = 0
  [1m[36mComment Load (32.4ms)[0m  [1mSELECT `comments`.* FROM `comments` WHERE `comments`.`post_id` = 1 AND `comments`.`delete_flag` = 0[0m
Completed 200 OK in 2198ms (Views: 552.9ms | ActiveRecord: 1510.9ms)


Started GET "/analytics" for ::1 at 2016-08-14 12:13:36 +0900

ActionController::RoutingError (No route matches [GET] "/analytics"):
  config/initializers/quiet_assets.rb:7:in `call_with_quiet_assets'




Started GET "/analytics/overall" for ::1 at 2016-08-14 12:13:58 +0900

ActionController::RoutingError (No route matches [GET] "/analytics/overall"):
  config/initializers/quiet_assets.rb:7:in `call_with_quiet_assets'




Started GET "/admin/analytics/overall" for ::1 at 2016-08-14 12:14:05 +0900
Processing by AdminController#overall as HTML
  [1m[35m (40.1ms)[0m  SELECT COUNT(*) FROM `company`
  [1m[36m (41.3ms)[0m  [1mSELECT COUNT(*) FROM `users`[0m
  [1m[35m (44.7ms)[0m  SELECT COUNT(*) FROM `posts`
  [1m[36m (42.4ms)[0m  [1mSELECT SUM(`posts`.`points`) FROM `posts`[0m
  [1m[35m (39.1ms)[0m  SELECT COUNT(*) FROM `kudos`
  [1m[36m (44.5ms)[0m  [1mSELECT COUNT(*) FROM `comments`[0m
  [1m[35m (55.9ms)[0m  SELECT COUNT(*) FROM `company` WHERE (`company`.`create_time` BETWEEN '2016-08-08' AND '2016-08-14')
  [1m[36m (36.8ms)[0m  [1mSELECT COUNT(*) FROM `users` WHERE (`users`.`create_time` BETWEEN '2016-08-08' AND '2016-08-14')[0m
  [1m[35m (38.5ms)[0m  SELECT COUNT(*) FROM `posts` WHERE (`posts`.`create_time` BETWEEN '2016-08-08' AND '2016-08-14')
  [1m[36m (41.6ms)[0m  [1mSELECT COUNT(*) FROM `comments` WHERE (`comments`.`create_time` BETWEEN '2016-08-08' AND '2016-08-14')[0m
  [1m[35m (42.4ms)[0m  SELECT COUNT(*) FROM `kudos` WHERE (`kudos`.`create_time` BETWEEN '2016-08-08' AND '2016-08-14')
  [1m[36m (43.7ms)[0m  [1mSELECT SUM(`posts`.`points`) FROM `posts` WHERE (`posts`.`create_time` BETWEEN '2016-08-08' AND '2016-08-14')[0m
  [1m[35m (47.6ms)[0m  SELECT COUNT(*) FROM `company` WHERE (`company`.`create_time` BETWEEN '2016-08-01 00:00:00' AND '2016-08-07 23:59:59')
  [1m[36m (47.6ms)[0m  [1mSELECT COUNT(*) FROM `users` WHERE (`users`.`create_time` BETWEEN '2016-08-01 00:00:00' AND '2016-08-07 23:59:59')[0m
  [1m[35m (48.1ms)[0m  SELECT COUNT(*) FROM `posts` WHERE (`posts`.`create_time` BETWEEN '2016-08-01 00:00:00' AND '2016-08-07 23:59:59')
  [1m[36m (42.2ms)[0m  [1mSELECT COUNT(*) FROM `comments` WHERE (`comments`.`create_time` BETWEEN '2016-08-01 00:00:00' AND '2016-08-07 23:59:59')[0m
  [1m[35m (37.3ms)[0m  SELECT COUNT(*) FROM `kudos` WHERE (`kudos`.`create_time` BETWEEN '2016-08-01 00:00:00' AND '2016-08-07 23:59:59')
  [1m[36m (44.6ms)[0m  [1mSELECT SUM(`posts`.`points`) FROM `posts` WHERE (`posts`.`create_time` BETWEEN '2016-08-01 00:00:00' AND '2016-08-07 23:59:59')[0m
  [1m[35m (40.0ms)[0m  SELECT COUNT(*) FROM `company` WHERE (`company`.`create_time` BETWEEN '2016-07-25 00:00:00' AND '2016-07-31 23:59:59')
  [1m[36m (42.8ms)[0m  [1mSELECT COUNT(*) FROM `users` WHERE (`users`.`create_time` BETWEEN '2016-07-25 00:00:00' AND '2016-07-31 23:59:59')[0m
  [1m[35m (47.3ms)[0m  SELECT COUNT(*) FROM `posts` WHERE (`posts`.`create_time` BETWEEN '2016-07-25 00:00:00' AND '2016-07-31 23:59:59')
  [1m[36m (45.1ms)[0m  [1mSELECT COUNT(*) FROM `comments` WHERE (`comments`.`create_time` BETWEEN '2016-07-25 00:00:00' AND '2016-07-31 23:59:59')[0m
  [1m[35m (49.0ms)[0m  SELECT COUNT(*) FROM `kudos` WHERE (`kudos`.`create_time` BETWEEN '2016-07-25 00:00:00' AND '2016-07-31 23:59:59')
  [1m[36m (46.2ms)[0m  [1mSELECT SUM(`posts`.`points`) FROM `posts` WHERE (`posts`.`create_time` BETWEEN '2016-07-25 00:00:00' AND '2016-07-31 23:59:59')[0m
  [1m[35m (62.7ms)[0m  SELECT COUNT(*) FROM `company` WHERE (`company`.`create_time` BETWEEN '2016-07-18 00:00:00' AND '2016-07-24 23:59:59')
  [1m[36m (56.6ms)[0m  [1mSELECT COUNT(*) FROM `users` WHERE (`users`.`create_time` BETWEEN '2016-07-18 00:00:00' AND '2016-07-24 23:59:59')[0m
  [1m[35m (40.1ms)[0m  SELECT COUNT(*) FROM `posts` WHERE (`posts`.`create_time` BETWEEN '2016-07-18 00:00:00' AND '2016-07-24 23:59:59')
  [1m[36m (35.1ms)[0m  [1mSELECT COUNT(*) FROM `comments` WHERE (`comments`.`create_time` BETWEEN '2016-07-18 00:00:00' AND '2016-07-24 23:59:59')[0m
  [1m[35m (45.0ms)[0m  SELECT COUNT(*) FROM `kudos` WHERE (`kudos`.`create_time` BETWEEN '2016-07-18 00:00:00' AND '2016-07-24 23:59:59')
  [1m[36m (42.4ms)[0m  [1mSELECT SUM(`posts`.`points`) FROM `posts` WHERE (`posts`.`create_time` BETWEEN '2016-07-18 00:00:00' AND '2016-07-24 23:59:59')[0m
Completed 200 OK in 1394ms (Views: 49.9ms | ActiveRecord: 1330.8ms)


Started GET "/admin/analytics/user" for ::1 at 2016-08-14 12:14:19 +0900
Processing by AdminController#each_user as HTML
  [1m[35mCompany Load (45.4ms)[0m  SELECT `company`.* FROM `company`
  [1m[36mUser Load (47.0ms)[0m  [1mSELECT `users`.* FROM `users`[0m
  [1m[35mCompany Load (44.2ms)[0m  SELECT  `company`.* FROM `company` WHERE `company`.`id` = 1 LIMIT 1
  [1m[36m (44.4ms)[0m  [1mSELECT COUNT(*) AS count_all, user_id AS user_id FROM `posts` WHERE (`posts`.`create_time` BETWEEN '2016-08-08' AND '2016-08-14') GROUP BY `posts`.`user_id`[0m
  [1m[35m (46.3ms)[0m  SELECT COUNT(*) AS count_all, user_id AS user_id FROM `kudos` WHERE (`kudos`.`create_time` BETWEEN '2016-08-08' AND '2016-08-14') GROUP BY `kudos`.`user_id`
  [1m[36m (42.9ms)[0m  [1mSELECT COUNT(*) AS count_all, user_id AS user_id FROM `comments` WHERE (`comments`.`create_time` BETWEEN '2016-08-08' AND '2016-08-14') GROUP BY `comments`.`user_id`[0m
  [1m[35m (42.7ms)[0m  SELECT COUNT(*) AS count_all, user_id AS user_id FROM `posts` WHERE (`posts`.`create_time` BETWEEN '2016-08-01 00:00:00' AND '2016-08-07 23:59:59') GROUP BY `posts`.`user_id`
  [1m[36m (44.1ms)[0m  [1mSELECT COUNT(*) AS count_all, user_id AS user_id FROM `kudos` WHERE (`kudos`.`create_time` BETWEEN '2016-08-01 00:00:00' AND '2016-08-07 23:59:59') GROUP BY `kudos`.`user_id`[0m
  [1m[35m (47.3ms)[0m  SELECT COUNT(*) AS count_all, user_id AS user_id FROM `comments` WHERE (`comments`.`create_time` BETWEEN '2016-08-01 00:00:00' AND '2016-08-07 23:59:59') GROUP BY `comments`.`user_id`
  [1m[36m (45.4ms)[0m  [1mSELECT COUNT(*) AS count_all, user_id AS user_id FROM `posts` WHERE (`posts`.`create_time` BETWEEN '2016-07-25 00:00:00' AND '2016-07-31 23:59:59') GROUP BY `posts`.`user_id`[0m
  [1m[35m (42.8ms)[0m  SELECT COUNT(*) AS count_all, user_id AS user_id FROM `kudos` WHERE (`kudos`.`create_time` BETWEEN '2016-07-25 00:00:00' AND '2016-07-31 23:59:59') GROUP BY `kudos`.`user_id`
  [1m[36m (41.0ms)[0m  [1mSELECT COUNT(*) AS count_all, user_id AS user_id FROM `comments` WHERE (`comments`.`create_time` BETWEEN '2016-07-25 00:00:00' AND '2016-07-31 23:59:59') GROUP BY `comments`.`user_id`[0m
  [1m[35m (41.3ms)[0m  SELECT COUNT(*) AS count_all, user_id AS user_id FROM `posts` WHERE (`posts`.`create_time` BETWEEN '2016-07-18 00:00:00' AND '2016-07-24 23:59:59') GROUP BY `posts`.`user_id`
  [1m[36m (35.8ms)[0m  [1mSELECT COUNT(*) AS count_all, user_id AS user_id FROM `kudos` WHERE (`kudos`.`create_time` BETWEEN '2016-07-18 00:00:00' AND '2016-07-24 23:59:59') GROUP BY `kudos`.`user_id`[0m
  [1m[35m (43.7ms)[0m  SELECT COUNT(*) AS count_all, user_id AS user_id FROM `comments` WHERE (`comments`.`create_time` BETWEEN '2016-07-18 00:00:00' AND '2016-07-24 23:59:59') GROUP BY `comments`.`user_id`
  [1m[36mCACHE (0.1ms)[0m  [1mSELECT  `company`.* FROM `company` WHERE `company`.`id` = 1 LIMIT 1[0m  [["id", 1]]
  [1m[35mCACHE (0.0ms)[0m  SELECT COUNT(*) AS count_all, user_id AS user_id FROM `posts` WHERE (`posts`.`create_time` BETWEEN '2016-08-08' AND '2016-08-14') GROUP BY `posts`.`user_id`
  [1m[36mCACHE (0.0ms)[0m  [1mSELECT COUNT(*) AS count_all, user_id AS user_id FROM `kudos` WHERE (`kudos`.`create_time` BETWEEN '2016-08-08' AND '2016-08-14') GROUP BY `kudos`.`user_id`[0m
  [1m[35mCACHE (0.0ms)[0m  SELECT COUNT(*) AS count_all, user_id AS user_id FROM `comments` WHERE (`comments`.`create_time` BETWEEN '2016-08-08' AND '2016-08-14') GROUP BY `comments`.`user_id`
  [1m[36mCACHE (0.0ms)[0m  [1mSELECT COUNT(*) AS count_all, user_id AS user_id FROM `posts` WHERE (`posts`.`create_time` BETWEEN '2016-08-01 00:00:00' AND '2016-08-07 23:59:59') GROUP BY `posts`.`user_id`[0m
  [1m[35mCACHE (0.0ms)[0m  SELECT COUNT(*) AS count_all, user_id AS user_id FROM `kudos` WHERE (`kudos`.`create_time` BETWEEN '2016-08-01 00:00:00' AND '2016-08-07 23:59:59') GROUP BY `kudos`.`user_id`
  [1m[36mCACHE (0.0ms)[0m  [1mSELECT COUNT(*) AS count_all, user_id AS user_id FROM `comments` WHERE (`comments`.`create_time` BETWEEN '2016-08-01 00:00:00' AND '2016-08-07 23:59:59') GROUP BY `comments`.`user_id`[0m
  [1m[35mCACHE (0.0ms)[0m  SELECT COUNT(*) AS count_all, user_id AS user_id FROM `posts` WHERE (`posts`.`create_time` BETWEEN '2016-07-25 00:00:00' AND '2016-07-31 23:59:59') GROUP BY `posts`.`user_id`
  [1m[36mCACHE (0.0ms)[0m  [1mSELECT COUNT(*) AS count_all, user_id AS user_id FROM `kudos` WHERE (`kudos`.`create_time` BETWEEN '2016-07-25 00:00:00' AND '2016-07-31 23:59:59') GROUP BY `kudos`.`user_id`[0m
  [1m[35mCACHE (0.0ms)[0m  SELECT COUNT(*) AS count_all, user_id AS user_id FROM `comments` WHERE (`comments`.`create_time` BETWEEN '2016-07-25 00:00:00' AND '2016-07-31 23:59:59') GROUP BY `comments`.`user_id`
  [1m[36mCACHE (0.0ms)[0m  [1mSELECT COUNT(*) AS count_all, user_id AS user_id FROM `posts` WHERE (`posts`.`create_time` BETWEEN '2016-07-18 00:00:00' AND '2016-07-24 23:59:59') GROUP BY `posts`.`user_id`[0m
  [1m[35mCACHE (0.0ms)[0m  SELECT COUNT(*) AS count_all, user_id AS user_id FROM `kudos` WHERE (`kudos`.`create_time` BETWEEN '2016-07-18 00:00:00' AND '2016-07-24 23:59:59') GROUP BY `kudos`.`user_id`
  [1m[36mCACHE (0.0ms)[0m  [1mSELECT COUNT(*) AS count_all, user_id AS user_id FROM `comments` WHERE (`comments`.`create_time` BETWEEN '2016-07-18 00:00:00' AND '2016-07-24 23:59:59') GROUP BY `comments`.`user_id`[0m
  [1m[35mCompany Load (51.1ms)[0m  SELECT  `company`.* FROM `company` WHERE `company`.`id` = 3 LIMIT 1
  [1m[36mCACHE (0.0ms)[0m  [1mSELECT COUNT(*) AS count_all, user_id AS user_id FROM `posts` WHERE (`posts`.`create_time` BETWEEN '2016-08-08' AND '2016-08-14') GROUP BY `posts`.`user_id`[0m
  [1m[35mCACHE (0.0ms)[0m  SELECT COUNT(*) AS count_all, user_id AS user_id FROM `kudos` WHERE (`kudos`.`create_time` BETWEEN '2016-08-08' AND '2016-08-14') GROUP BY `kudos`.`user_id`
  [1m[36mCACHE (0.0ms)[0m  [1mSELECT COUNT(*) AS count_all, user_id AS user_id FROM `comments` WHERE (`comments`.`create_time` BETWEEN '2016-08-08' AND '2016-08-14') GROUP BY `comments`.`user_id`[0m
  [1m[35mCACHE (0.0ms)[0m  SELECT COUNT(*) AS count_all, user_id AS user_id FROM `posts` WHERE (`posts`.`create_time` BETWEEN '2016-08-01 00:00:00' AND '2016-08-07 23:59:59') GROUP BY `posts`.`user_id`
  [1m[36mCACHE (0.0ms)[0m  [1mSELECT COUNT(*) AS count_all, user_id AS user_id FROM `kudos` WHERE (`kudos`.`create_time` BETWEEN '2016-08-01 00:00:00' AND '2016-08-07 23:59:59') GROUP BY `kudos`.`user_id`[0m
  [1m[35mCACHE (0.0ms)[0m  SELECT COUNT(*) AS count_all, user_id AS user_id FROM `comments` WHERE (`comments`.`create_time` BETWEEN '2016-08-01 00:00:00' AND '2016-08-07 23:59:59') GROUP BY `comments`.`user_id`
  [1m[36mCACHE (0.0ms)[0m  [1mSELECT COUNT(*) AS count_all, user_id AS user_id FROM `posts` WHERE (`posts`.`create_time` BETWEEN '2016-07-25 00:00:00' AND '2016-07-31 23:59:59') GROUP BY `posts`.`user_id`[0m
  [1m[35mCACHE (0.0ms)[0m  SELECT COUNT(*) AS count_all, user_id AS user_id FROM `kudos` WHERE (`kudos`.`create_time` BETWEEN '2016-07-25 00:00:00' AND '2016-07-31 23:59:59') GROUP BY `kudos`.`user_id`
  [1m[36mCACHE (0.0ms)[0m  [1mSELECT COUNT(*) AS count_all, user_id AS user_id FROM `comments` WHERE (`comments`.`create_time` BETWEEN '2016-07-25 00:00:00' AND '2016-07-31 23:59:59') GROUP BY `comments`.`user_id`[0m
  [1m[35mCACHE (0.0ms)[0m  SELECT COUNT(*) AS count_all, user_id AS user_id FROM `posts` WHERE (`posts`.`create_time` BETWEEN '2016-07-18 00:00:00' AND '2016-07-24 23:59:59') GROUP BY `posts`.`user_id`
  [1m[36mCACHE (0.0ms)[0m  [1mSELECT COUNT(*) AS count_all, user_id AS user_id FROM `kudos` WHERE (`kudos`.`create_time` BETWEEN '2016-07-18 00:00:00' AND '2016-07-24 23:59:59') GROUP BY `kudos`.`user_id`[0m
  [1m[35mCACHE (0.0ms)[0m  SELECT COUNT(*) AS count_all, user_id AS user_id FROM `comments` WHERE (`comments`.`create_time` BETWEEN '2016-07-18 00:00:00' AND '2016-07-24 23:59:59') GROUP BY `comments`.`user_id`
  [1m[36mCACHE (0.0ms)[0m  [1mSELECT  `company`.* FROM `company` WHERE `company`.`id` = 3 LIMIT 1[0m  [["id", 3]]
  [1m[35mCACHE (0.0ms)[0m  SELECT COUNT(*) AS count_all, user_id AS user_id FROM `posts` WHERE (`posts`.`create_time` BETWEEN '2016-08-08' AND '2016-08-14') GROUP BY `posts`.`user_id`
  [1m[36mCACHE (0.0ms)[0m  [1mSELECT COUNT(*) AS count_all, user_id AS user_id FROM `kudos` WHERE (`kudos`.`create_time` BETWEEN '2016-08-08' AND '2016-08-14') GROUP BY `kudos`.`user_id`[0m
  [1m[35mCACHE (0.0ms)[0m  SELECT COUNT(*) AS count_all, user_id AS user_id FROM `comments` WHERE (`comments`.`create_time` BETWEEN '2016-08-08' AND '2016-08-14') GROUP BY `comments`.`user_id`
  [1m[36mCACHE (0.0ms)[0m  [1mSELECT COUNT(*) AS count_all, user_id AS user_id FROM `posts` WHERE (`posts`.`create_time` BETWEEN '2016-08-01 00:00:00' AND '2016-08-07 23:59:59') GROUP BY `posts`.`user_id`[0m
  [1m[35mCACHE (0.0ms)[0m  SELECT COUNT(*) AS count_all, user_id AS user_id FROM `kudos` WHERE (`kudos`.`create_time` BETWEEN '2016-08-01 00:00:00' AND '2016-08-07 23:59:59') GROUP BY `kudos`.`user_id`
  [1m[36mCACHE (0.0ms)[0m  [1mSELECT COUNT(*) AS count_all, user_id AS user_id FROM `comments` WHERE (`comments`.`create_time` BETWEEN '2016-08-01 00:00:00' AND '2016-08-07 23:59:59') GROUP BY `comments`.`user_id`[0m
  [1m[35mCACHE (0.0ms)[0m  SELECT COUNT(*) AS count_all, user_id AS user_id FROM `posts` WHERE (`posts`.`create_time` BETWEEN '2016-07-25 00:00:00' AND '2016-07-31 23:59:59') GROUP BY `posts`.`user_id`
  [1m[36mCACHE (0.0ms)[0m  [1mSELECT COUNT(*) AS count_all, user_id AS user_id FROM `kudos` WHERE (`kudos`.`create_time` BETWEEN '2016-07-25 00:00:00' AND '2016-07-31 23:59:59') GROUP BY `kudos`.`user_id`[0m
  [1m[35mCACHE (0.0ms)[0m  SELECT COUNT(*) AS count_all, user_id AS user_id FROM `comments` WHERE (`comments`.`create_time` BETWEEN '2016-07-25 00:00:00' AND '2016-07-31 23:59:59') GROUP BY `comments`.`user_id`
  [1m[36mCACHE (0.0ms)[0m  [1mSELECT COUNT(*) AS count_all, user_id AS user_id FROM `posts` WHERE (`posts`.`create_time` BETWEEN '2016-07-18 00:00:00' AND '2016-07-24 23:59:59') GROUP BY `posts`.`user_id`[0m
  [1m[35mCACHE (0.1ms)[0m  SELECT COUNT(*) AS count_all, user_id AS user_id FROM `kudos` WHERE (`kudos`.`create_time` BETWEEN '2016-07-18 00:00:00' AND '2016-07-24 23:59:59') GROUP BY `kudos`.`user_id`
  [1m[36mCACHE (0.0ms)[0m  [1mSELECT COUNT(*) AS count_all, user_id AS user_id FROM `comments` WHERE (`comments`.`create_time` BETWEEN '2016-07-18 00:00:00' AND '2016-07-24 23:59:59') GROUP BY `comments`.`user_id`[0m
  [1m[35mCompany Load (42.1ms)[0m  SELECT  `company`.* FROM `company` WHERE `company`.`id` = 4 LIMIT 1
  [1m[36mCACHE (0.0ms)[0m  [1mSELECT COUNT(*) AS count_all, user_id AS user_id FROM `posts` WHERE (`posts`.`create_time` BETWEEN '2016-08-08' AND '2016-08-14') GROUP BY `posts`.`user_id`[0m
  [1m[35mCACHE (0.0ms)[0m  SELECT COUNT(*) AS count_all, user_id AS user_id FROM `kudos` WHERE (`kudos`.`create_time` BETWEEN '2016-08-08' AND '2016-08-14') GROUP BY `kudos`.`user_id`
  [1m[36mCACHE (0.0ms)[0m  [1mSELECT COUNT(*) AS count_all, user_id AS user_id FROM `comments` WHERE (`comments`.`create_time` BETWEEN '2016-08-08' AND '2016-08-14') GROUP BY `comments`.`user_id`[0m
  [1m[35mCACHE (0.0ms)[0m  SELECT COUNT(*) AS count_all, user_id AS user_id FROM `posts` WHERE (`posts`.`create_time` BETWEEN '2016-08-01 00:00:00' AND '2016-08-07 23:59:59') GROUP BY `posts`.`user_id`
  [1m[36mCACHE (0.0ms)[0m  [1mSELECT COUNT(*) AS count_all, user_id AS user_id FROM `kudos` WHERE (`kudos`.`create_time` BETWEEN '2016-08-01 00:00:00' AND '2016-08-07 23:59:59') GROUP BY `kudos`.`user_id`[0m
  [1m[35mCACHE (0.0ms)[0m  SELECT COUNT(*) AS count_all, user_id AS user_id FROM `comments` WHERE (`comments`.`create_time` BETWEEN '2016-08-01 00:00:00' AND '2016-08-07 23:59:59') GROUP BY `comments`.`user_id`
  [1m[36mCACHE (0.0ms)[0m  [1mSELECT COUNT(*) AS count_all, user_id AS user_id FROM `posts` WHERE (`posts`.`create_time` BETWEEN '2016-07-25 00:00:00' AND '2016-07-31 23:59:59') GROUP BY `posts`.`user_id`[0m
  [1m[35mCACHE (0.0ms)[0m  SELECT COUNT(*) AS count_all, user_id AS user_id FROM `kudos` WHERE (`kudos`.`create_time` BETWEEN '2016-07-25 00:00:00' AND '2016-07-31 23:59:59') GROUP BY `kudos`.`user_id`
  [1m[36mCACHE (0.0ms)[0m  [1mSELECT COUNT(*) AS count_all, user_id AS user_id FROM `comments` WHERE (`comments`.`create_time` BETWEEN '2016-07-25 00:00:00' AND '2016-07-31 23:59:59') GROUP BY `comments`.`user_id`[0m
  [1m[35mCACHE (0.0ms)[0m  SELECT COUNT(*) AS count_all, user_id AS user_id FROM `posts` WHERE (`posts`.`create_time` BETWEEN '2016-07-18 00:00:00' AND '2016-07-24 23:59:59') GROUP BY `posts`.`user_id`
  [1m[36mCACHE (0.0ms)[0m  [1mSELECT COUNT(*) AS count_all, user_id AS user_id FROM `kudos` WHERE (`kudos`.`create_time` BETWEEN '2016-07-18 00:00:00' AND '2016-07-24 23:59:59') GROUP BY `kudos`.`user_id`[0m
  [1m[35mCACHE (0.0ms)[0m  SELECT COUNT(*) AS count_all, user_id AS user_id FROM `comments` WHERE (`comments`.`create_time` BETWEEN '2016-07-18 00:00:00' AND '2016-07-24 23:59:59') GROUP BY `comments`.`user_id`
  [1m[36mCACHE (0.0ms)[0m  [1mSELECT  `company`.* FROM `company` WHERE `company`.`id` = 3 LIMIT 1[0m  [["id", 3]]
  [1m[35mCACHE (0.0ms)[0m  SELECT COUNT(*) AS count_all, user_id AS user_id FROM `posts` WHERE (`posts`.`create_time` BETWEEN '2016-08-08' AND '2016-08-14') GROUP BY `posts`.`user_id`
  [1m[36mCACHE (0.0ms)[0m  [1mSELECT COUNT(*) AS count_all, user_id AS user_id FROM `kudos` WHERE (`kudos`.`create_time` BETWEEN '2016-08-08' AND '2016-08-14') GROUP BY `kudos`.`user_id`[0m
  [1m[35mCACHE (0.0ms)[0m  SELECT COUNT(*) AS count_all, user_id AS user_id FROM `comments` WHERE (`comments`.`create_time` BETWEEN '2016-08-08' AND '2016-08-14') GROUP BY `comments`.`user_id`
  [1m[36mCACHE (0.0ms)[0m  [1mSELECT COUNT(*) AS count_all, user_id AS user_id FROM `posts` WHERE (`posts`.`create_time` BETWEEN '2016-08-01 00:00:00' AND '2016-08-07 23:59:59') GROUP BY `posts`.`user_id`[0m
  [1m[35mCACHE (0.0ms)[0m  SELECT COUNT(*) AS count_all, user_id AS user_id FROM `kudos` WHERE (`kudos`.`create_time` BETWEEN '2016-08-01 00:00:00' AND '2016-08-07 23:59:59') GROUP BY `kudos`.`user_id`
  [1m[36mCACHE (0.0ms)[0m  [1mSELECT COUNT(*) AS count_all, user_id AS user_id FROM `comments` WHERE (`comments`.`create_time` BETWEEN '2016-08-01 00:00:00' AND '2016-08-07 23:59:59') GROUP BY `comments`.`user_id`[0m
  [1m[35mCACHE (0.0ms)[0m  SELECT COUNT(*) AS count_all, user_id AS user_id FROM `posts` WHERE (`posts`.`create_time` BETWEEN '2016-07-25 00:00:00' AND '2016-07-31 23:59:59') GROUP BY `posts`.`user_id`
  [1m[36mCACHE (0.0ms)[0m  [1mSELECT COUNT(*) AS count_all, user_id AS user_id FROM `kudos` WHERE (`kudos`.`create_time` BETWEEN '2016-07-25 00:00:00' AND '2016-07-31 23:59:59') GROUP BY `kudos`.`user_id`[0m
  [1m[35mCACHE (0.0ms)[0m  SELECT COUNT(*) AS count_all, user_id AS user_id FROM `comments` WHERE (`comments`.`create_time` BETWEEN '2016-07-25 00:00:00' AND '2016-07-31 23:59:59') GROUP BY `comments`.`user_id`
  [1m[36mCACHE (0.0ms)[0m  [1mSELECT COUNT(*) AS count_all, user_id AS user_id FROM `posts` WHERE (`posts`.`create_time` BETWEEN '2016-07-18 00:00:00' AND '2016-07-24 23:59:59') GROUP BY `posts`.`user_id`[0m
  [1m[35mCACHE (0.0ms)[0m  SELECT COUNT(*) AS count_all, user_id AS user_id FROM `kudos` WHERE (`kudos`.`create_time` BETWEEN '2016-07-18 00:00:00' AND '2016-07-24 23:59:59') GROUP BY `kudos`.`user_id`
  [1m[36mCACHE (0.0ms)[0m  [1mSELECT COUNT(*) AS count_all, user_id AS user_id FROM `comments` WHERE (`comments`.`create_time` BETWEEN '2016-07-18 00:00:00' AND '2016-07-24 23:59:59') GROUP BY `comments`.`user_id`[0m
  [1m[35mCACHE (0.0ms)[0m  SELECT  `company`.* FROM `company` WHERE `company`.`id` = 3 LIMIT 1  [["id", 3]]
  [1m[36mCACHE (0.0ms)[0m  [1mSELECT COUNT(*) AS count_all, user_id AS user_id FROM `posts` WHERE (`posts`.`create_time` BETWEEN '2016-08-08' AND '2016-08-14') GROUP BY `posts`.`user_id`[0m
  [1m[35mCACHE (0.0ms)[0m  SELECT COUNT(*) AS count_all, user_id AS user_id FROM `kudos` WHERE (`kudos`.`create_time` BETWEEN '2016-08-08' AND '2016-08-14') GROUP BY `kudos`.`user_id`
  [1m[36mCACHE (0.0ms)[0m  [1mSELECT COUNT(*) AS count_all, user_id AS user_id FROM `comments` WHERE (`comments`.`create_time` BETWEEN '2016-08-08' AND '2016-08-14') GROUP BY `comments`.`user_id`[0m
  [1m[35mCACHE (0.0ms)[0m  SELECT COUNT(*) AS count_all, user_id AS user_id FROM `posts` WHERE (`posts`.`create_time` BETWEEN '2016-08-01 00:00:00' AND '2016-08-07 23:59:59') GROUP BY `posts`.`user_id`
  [1m[36mCACHE (0.0ms)[0m  [1mSELECT COUNT(*) AS count_all, user_id AS user_id FROM `kudos` WHERE (`kudos`.`create_time` BETWEEN '2016-08-01 00:00:00' AND '2016-08-07 23:59:59') GROUP BY `kudos`.`user_id`[0m
  [1m[35mCACHE (0.0ms)[0m  SELECT COUNT(*) AS count_all, user_id AS user_id FROM `comments` WHERE (`comments`.`create_time` BETWEEN '2016-08-01 00:00:00' AND '2016-08-07 23:59:59') GROUP BY `comments`.`user_id`
  [1m[36mCACHE (0.0ms)[0m  [1mSELECT COUNT(*) AS count_all, user_id AS user_id FROM `posts` WHERE (`posts`.`create_time` BETWEEN '2016-07-25 00:00:00' AND '2016-07-31 23:59:59') GROUP BY `posts`.`user_id`[0m
  [1m[35mCACHE (0.0ms)[0m  SELECT COUNT(*) AS count_all, user_id AS user_id FROM `kudos` WHERE (`kudos`.`create_time` BETWEEN '2016-07-25 00:00:00' AND '2016-07-31 23:59:59') GROUP BY `kudos`.`user_id`
  [1m[36mCACHE (0.0ms)[0m  [1mSELECT COUNT(*) AS count_all, user_id AS user_id FROM `comments` WHERE (`comments`.`create_time` BETWEEN '2016-07-25 00:00:00' AND '2016-07-31 23:59:59') GROUP BY `comments`.`user_id`[0m
  [1m[35mCACHE (0.1ms)[0m  SELECT COUNT(*) AS count_all, user_id AS user_id FROM `posts` WHERE (`posts`.`create_time` BETWEEN '2016-07-18 00:00:00' AND '2016-07-24 23:59:59') GROUP BY `posts`.`user_id`
  [1m[36mCACHE (0.0ms)[0m  [1mSELECT COUNT(*) AS count_all, user_id AS user_id FROM `kudos` WHERE (`kudos`.`create_time` BETWEEN '2016-07-18 00:00:00' AND '2016-07-24 23:59:59') GROUP BY `kudos`.`user_id`[0m
  [1m[35mCACHE (0.0ms)[0m  SELECT COUNT(*) AS count_all, user_id AS user_id FROM `comments` WHERE (`comments`.`create_time` BETWEEN '2016-07-18 00:00:00' AND '2016-07-24 23:59:59') GROUP BY `comments`.`user_id`
Completed 200 OK in 864ms (Views: 113.5ms | ActiveRecord: 749.2ms)


Started POST "/admin/users" for ::1 at 2016-08-14 12:14:40 +0900
Processing by AdminController#users as JS
  Parameters: {"utf8"=>"✓", "company_id"=>"3"}
Completed 200 OK in 15ms (Views: 13.4ms | ActiveRecord: 0.0ms)


Started POST "/admin/users" for ::1 at 2016-08-14 12:14:45 +0900
Processing by AdminController#users as JS
  Parameters: {"utf8"=>"✓", "company_id"=>"4"}
Completed 200 OK in 13ms (Views: 12.0ms | ActiveRecord: 0.0ms)


Started GET "/" for ::1 at 2016-08-15 15:29:44 +0900
Processing by Rails::WelcomeController#index as HTML
Completed 200 OK in 7ms (Views: 6.2ms | ActiveRecord: 0.0ms)
